SF:lib/main.dart
DA:21,0
DA:22,0
DA:25,0
DA:26,0
DA:29,0
DA:30,0
DA:31,0
DA:34,0
DA:35,0
DA:36,0
DA:37,0
DA:38,0
DA:41,0
DA:42,0
DA:45,0
DA:46,0
DA:50,0
DA:55,0
DA:61,0
DA:66,0
DA:67,0
DA:72,0
DA:73,0
DA:75,0
DA:77,0
DA:83,0
DA:84,0
DA:85,0
DA:100,2
DA:107,2
DA:109,2
DA:111,2
DA:112,2
DA:115,2
DA:116,2
DA:117,2
DA:118,2
DA:129,2
DA:136,2
DA:137,2
DA:144,2
DA:146,2
DA:147,2
DA:150,2
DA:153,6
DA:154,4
DA:155,4
DA:156,2
DA:160,0
DA:161,0
DA:162,0
DA:167,0
DA:168,0
DA:169,0
DA:173,2
DA:175,2
DA:183,2
DA:184,0
DA:185,0
DA:186,0
DA:187,0
DA:191,2
DA:192,4
DA:193,4
DA:202,2
DA:208,2
DA:209,2
DA:218,2
DA:220,2
DA:221,4
DA:222,2
DA:223,4
DA:224,2
DA:226,2
DA:227,6
DA:228,4
DA:229,2
DA:231,6
DA:235,1
DA:236,2
DA:237,1
DA:241,1
DA:242,3
DA:246,1
DA:248,2
DA:249,1
DA:251,3
DA:254,2
DA:256,4
DA:257,2
DA:260,2
DA:262,2
DA:263,6
DA:264,2
DA:265,2
DA:266,2
LF:96
LH:58
end_of_record
SF:lib/services/workout_service.dart
DA:12,1
DA:21,0
DA:23,1
DA:24,2
DA:27,1
DA:28,2
DA:31,1
DA:32,2
DA:35,1
DA:36,2
DA:39,1
DA:41,2
DA:42,2
DA:45,1
DA:55,2
DA:64,2
DA:67,0
DA:68,0
DA:71,1
DA:72,2
DA:75,1
DA:76,2
DA:79,1
DA:80,2
DA:83,0
DA:84,0
DA:85,0
DA:91,0
DA:92,0
LF:29
LH:21
end_of_record
SF:lib/services/workout_template_service.dart
DA:11,1
DA:17,1
DA:18,2
DA:21,1
DA:22,2
DA:25,0
DA:27,0
DA:30,0
DA:32,0
DA:35,0
DA:37,0
DA:40,0
DA:42,0
DA:45,1
DA:56,1
DA:57,3
DA:66,1
DA:70,2
DA:73,0
DA:74,0
DA:77,0
DA:78,0
DA:81,1
DA:82,2
DA:84,1
DA:87,2
DA:88,1
DA:89,1
DA:90,1
DA:91,1
DA:92,1
DA:93,1
DA:96,2
DA:100,1
DA:109,2
DA:111,0
DA:114,2
DA:115,0
DA:116,0
DA:117,0
DA:118,1
DA:119,1
DA:120,1
DA:123,2
LF:44
LH:28
end_of_record
SF:lib/services/user_progress_service.dart
DA:9,0
DA:14,0
DA:15,0
DA:19,0
DA:20,0
DA:22,0
DA:24,0
DA:25,0
DA:26,0
DA:31,0
DA:36,0
DA:45,0
DA:47,0
DA:56,0
DA:60,0
DA:69,0
DA:71,0
DA:73,0
DA:74,0
DA:75,0
DA:76,0
DA:77,0
DA:80,0
DA:85,0
DA:86,0
DA:90,0
DA:91,0
DA:95,0
DA:96,0
DA:97,0
DA:99,0
DA:100,0
DA:103,0
DA:105,0
DA:106,0
DA:107,0
DA:109,0
DA:112,0
DA:113,0
DA:114,0
DA:117,0
DA:118,0
DA:119,0
DA:122,0
DA:123,0
DA:124,0
DA:126,0
DA:128,0
DA:131,0
DA:135,0
DA:136,0
DA:141,0
DA:142,0
DA:143,0
DA:147,0
DA:157,0
DA:158,0
DA:163,0
DA:164,0
DA:169,0
DA:170,0
DA:178,0
DA:179,0
DA:181,0
DA:182,0
DA:187,0
DA:189,0
DA:192,0
DA:193,0
DA:194,0
DA:195,0
DA:200,0
DA:201,0
DA:205,0
DA:206,0
LF:75
LH:0
end_of_record
SF:lib/data/models/workout.dart
DA:27,2
DA:35,0
DA:36,0
DA:37,0
DA:38,0
DA:39,0
DA:40,0
DA:41,0
DA:45,0
DA:46,0
DA:47,0
DA:48,0
DA:49,0
DA:50,0
DA:51,0
DA:71,4
DA:87,0
DA:88,0
DA:89,0
DA:90,0
DA:91,0
DA:92,0
DA:93,0
DA:95,0
DA:96,0
DA:98,0
DA:99,0
DA:100,0
DA:101,0
DA:103,0
DA:104,0
DA:105,0
DA:107,0
DA:108,0
DA:112,0
DA:113,0
DA:114,0
DA:115,0
DA:116,0
DA:117,0
DA:118,0
DA:119,0
DA:120,0
DA:121,0
DA:122,0
DA:123,0
DA:125,0
DA:126,0
DA:127,0
DA:131,1
DA:146,1
DA:147,1
DA:148,1
DA:149,1
DA:150,1
DA:151,1
DA:152,1
DA:153,1
DA:154,1
DA:156,1
DA:157,1
DA:158,0
DA:159,1
DA:160,1
DA:164,1
DA:165,1
DA:166,1
DA:167,1
DA:168,1
DA:169,1
DA:170,1
DA:171,1
DA:172,1
DA:173,1
DA:174,1
DA:175,1
DA:176,1
DA:177,1
DA:178,1
LF:79
LH:31
end_of_record
SF:lib/data/models/workout_template.dart
DA:20,2
DA:36,0
DA:37,0
DA:38,0
DA:39,0
DA:40,0
DA:42,0
DA:43,0
DA:44,0
DA:45,0
DA:46,0
DA:47,0
DA:48,0
DA:49,0
DA:50,0
DA:51,0
DA:52,0
DA:53,0
DA:54,0
DA:55,0
DA:56,0
DA:57,0
DA:59,0
DA:60,0
DA:64,0
DA:65,0
DA:66,0
DA:67,0
DA:68,0
DA:69,0
DA:70,0
DA:71,0
DA:72,0
DA:73,0
DA:74,0
DA:76,0
DA:77,0
DA:78,0
DA:79,0
DA:80,0
DA:81,0
DA:85,0
DA:100,0
DA:101,0
DA:102,0
DA:103,0
DA:104,0
DA:105,0
DA:106,0
DA:107,0
DA:108,0
DA:109,0
DA:110,0
DA:111,0
DA:112,0
DA:113,0
DA:117,1
DA:118,1
DA:119,1
DA:120,1
DA:121,1
DA:122,1
DA:123,1
DA:124,1
DA:125,1
DA:126,1
DA:127,1
DA:128,1
DA:129,1
DA:130,1
DA:131,1
LF:71
LH:16
end_of_record
SF:lib/data/models/movement.dart
DA:54,4
DA:69,1
DA:70,1
DA:71,1
DA:72,1
DA:73,1
DA:74,1
DA:75,1
DA:76,1
DA:77,1
DA:78,1
DA:79,1
DA:80,1
DA:81,1
DA:82,1
DA:85,1
DA:86,1
DA:87,1
DA:88,1
DA:89,1
DA:90,1
DA:91,2
DA:92,5
DA:93,1
DA:94,1
DA:95,2
DA:96,5
DA:97,1
DA:98,1
DA:99,2
DA:100,5
DA:101,1
DA:102,2
DA:103,4
DA:104,2
DA:105,1
DA:106,1
DA:107,1
DA:108,1
DA:112,1
DA:113,1
DA:114,1
DA:115,1
DA:116,1
DA:118,7
DA:120,7
DA:122,7
DA:123,4
DA:124,1
DA:125,1
DA:126,1
DA:127,1
DA:128,1
DA:132,2
DA:146,2
DA:147,2
DA:148,1
DA:149,2
DA:150,2
DA:151,2
DA:152,2
DA:153,1
DA:154,1
DA:155,2
DA:156,2
DA:157,2
DA:158,2
LF:67
LH:67
end_of_record
SF:lib/data/models/user_progress.dart
DA:13,0
DA:24,0
DA:25,0
DA:26,0
DA:27,0
DA:28,0
DA:29,0
DA:30,0
DA:31,0
DA:32,0
DA:33,0
DA:37,0
DA:38,0
DA:39,0
DA:40,0
DA:41,0
DA:42,0
DA:43,0
DA:44,0
DA:45,0
DA:46,0
DA:59,0
DA:68,0
DA:69,0
DA:70,0
DA:71,0
DA:72,0
DA:73,0
DA:74,0
DA:75,0
DA:79,0
DA:80,0
DA:81,0
DA:82,0
DA:83,0
DA:84,0
DA:85,0
DA:86,0
DA:103,2
DA:116,0
DA:117,0
DA:118,0
DA:119,0
DA:120,0
DA:121,0
DA:122,0
DA:123,0
DA:125,0
DA:128,0
DA:129,0
DA:130,0
DA:131,0
DA:132,0
DA:133,0
DA:134,0
DA:136,0
DA:140,0
DA:141,0
DA:142,0
DA:143,0
DA:145,0
DA:146,0
DA:147,0
DA:148,0
DA:149,0
DA:150,0
DA:151,0
DA:152,0
DA:156,0
DA:168,0
DA:169,0
DA:170,0
DA:171,0
DA:172,0
DA:174,0
DA:175,0
DA:176,0
DA:177,0
DA:179,0
DA:180,0
DA:184,0
DA:185,0
DA:186,0
DA:187,0
DA:188,0
DA:189,0
DA:190,0
DA:191,0
DA:192,0
DA:193,0
DA:194,0
DA:195,0
LF:92
LH:1
end_of_record
SF:lib/data/models/equipment.dart
DA:26,0
DA:40,0
DA:41,0
DA:42,0
DA:43,0
DA:44,0
DA:45,0
DA:46,0
DA:47,0
DA:48,0
DA:49,0
DA:50,0
DA:51,0
DA:52,0
DA:53,0
DA:55,0
DA:59,0
DA:60,0
DA:61,0
DA:62,0
DA:63,0
DA:64,0
DA:65,0
DA:66,0
DA:67,0
DA:68,0
DA:69,0
DA:70,0
DA:71,0
DA:75,0
DA:88,0
DA:89,0
DA:90,0
DA:91,0
DA:92,0
DA:93,0
DA:94,0
DA:95,0
DA:96,0
DA:97,0
DA:98,0
DA:99,0
DA:103,0
DA:104,0
DA:105,0
DA:106,0
DA:107,0
DA:108,0
DA:109,0
DA:110,0
DA:111,0
DA:112,0
DA:113,0
DA:114,0
DA:115,0
LF:55
LH:0
end_of_record
SF:lib/services/default_workout_service.dart
DA:11,1
DA:16,0
DA:17,0
DA:18,0
DA:24,0
DA:31,0
DA:37,0
DA:44,0
DA:50,0
DA:55,0
DA:61,0
DA:68,0
DA:74,0
DA:81,0
DA:87,0
DA:94,0
DA:100,0
DA:107,0
DA:113,0
DA:124,0
DA:125,0
DA:126,0
DA:128,0
DA:129,0
DA:130,0
DA:131,0
DA:133,0
DA:140,0
DA:141,0
DA:142,0
DA:145,0
DA:146,0
DA:147,0
DA:148,0
DA:151,0
DA:152,0
DA:153,0
DA:154,0
DA:155,0
DA:156,0
DA:157,0
DA:158,0
DA:159,0
DA:162,0
DA:163,0
DA:167,0
DA:169,0
DA:176,0
DA:177,0
DA:178,0
DA:179,0
DA:181,0
DA:185,0
DA:186,0
DA:188,0
DA:189,0
DA:190,0
DA:191,0
DA:192,0
DA:194,0
DA:195,0
DA:196,0
DA:197,0
DA:199,0
DA:200,0
DA:201,0
DA:202,0
DA:204,0
DA:206,0
DA:207,0
DA:208,0
DA:209,0
DA:210,0
DA:211,0
DA:215,0
LF:75
LH:1
end_of_record
SF:lib/screens/workout_list_screen.dart
DA:12,2
DA:18,2
DA:19,2
DA:29,2
DA:31,2
DA:32,2
DA:35,8
DA:38,2
DA:40,8
DA:41,2
DA:44,0
DA:45,0
DA:48,2
DA:49,4
DA:50,2
DA:51,2
DA:56,2
DA:58,0
DA:59,2
DA:60,0
DA:61,0
DA:63,6
DA:65,4
DA:66,2
DA:67,2
DA:70,0
DA:71,0
DA:72,0
DA:77,1
DA:78,1
DA:79,1
DA:80,2
DA:82,1
DA:84,1
DA:85,1
DA:86,1
DA:90,1
DA:95,2
DA:96,1
DA:98,4
DA:102,0
DA:103,0
DA:104,0
DA:105,0
DA:107,0
DA:108,0
DA:112,1
DA:113,1
DA:117,1
DA:122,2
DA:123,1
DA:125,4
DA:129,0
DA:130,0
DA:131,0
DA:132,0
DA:134,0
DA:135,0
DA:140,1
DA:141,1
DA:142,0
DA:143,0
DA:144,0
DA:145,0
DA:147,0
DA:148,0
DA:152,1
DA:153,0
DA:161,2
DA:163,2
DA:164,2
DA:166,2
DA:167,2
DA:169,2
DA:173,2
DA:174,2
DA:175,0
DA:176,0
DA:178,0
DA:179,0
DA:180,0
DA:181,0
DA:191,2
DA:192,2
DA:196,2
DA:197,0
DA:198,0
DA:200,0
DA:201,0
DA:203,0
DA:206,0
DA:207,0
DA:208,0
DA:211,0
DA:212,0
DA:220,4
DA:221,2
DA:222,2
DA:224,2
DA:225,2
DA:227,8
DA:230,2
DA:232,8
DA:235,2
DA:236,1
DA:237,1
DA:238,1
DA:239,1
DA:240,2
DA:241,3
DA:242,2
DA:254,1
DA:255,1
DA:256,1
DA:257,2
DA:258,1
DA:259,2
DA:260,1
DA:262,1
DA:263,1
DA:265,1
DA:266,2
DA:267,2
DA:268,1
DA:284,1
DA:289,1
DA:291,1
DA:293,1
DA:294,1
DA:295,1
DA:297,1
DA:299,1
DA:300,1
DA:301,2
DA:302,3
DA:305,1
DA:306,2
DA:307,3
DA:310,1
DA:312,1
DA:313,1
DA:315,5
DA:318,1
DA:320,5
DA:323,3
DA:324,1
DA:326,4
DA:338,1
DA:339,1
DA:340,1
DA:341,1
LF:151
LH:108
end_of_record
SF:lib/data/repositories/movement_repository.dart
DA:22,0
DA:24,0
DA:25,0
DA:26,0
DA:29,0
DA:31,0
DA:32,0
DA:35,0
DA:37,0
DA:38,0
DA:41,0
DA:44,0
DA:45,0
DA:47,0
DA:48,0
DA:49,0
DA:52,0
DA:55,0
DA:56,0
DA:58,0
DA:59,0
DA:60,0
DA:63,0
DA:66,0
DA:67,0
DA:70,0
DA:72,0
DA:75,0
DA:77,0
DA:78,0
DA:81,0
DA:83,0
DA:86,0
DA:88,0
DA:89,0
DA:91,0
DA:94,0
DA:97,0
DA:99,0
DA:100,0
DA:102,0
DA:104,0
DA:108,0
DA:110,0
DA:111,0
DA:114,0
DA:118,0
DA:119,0
DA:120,0
DA:121,0
DA:122,0
DA:123,0
DA:124,0
DA:125,0
DA:126,0
DA:127,0
DA:128,0
DA:129,0
DA:130,0
DA:131,0
DA:132,0
DA:133,0
DA:134,0
DA:135,0
DA:136,0
DA:137,0
DA:141,0
DA:142,0
DA:143,0
DA:144,0
DA:145,0
DA:146,0
DA:147,0
DA:148,0
DA:149,0
DA:151,0
DA:152,0
DA:153,0
DA:154,0
DA:155,0
DA:156,0
DA:157,0
DA:158,0
DA:159,0
DA:160,0
DA:162,0
DA:164,0
DA:166,0
DA:167,0
DA:168,0
LF:90
LH:0
end_of_record
SF:lib/data/database/database_helper.dart
DA:7,0
DA:13,0
DA:15,0
DA:17,0
DA:20,0
DA:23,0
DA:28,0
DA:30,0
DA:31,0
DA:34,0
DA:35,0
DA:36,0
DA:37,0
DA:40,0
DA:41,0
DA:44,0
DA:45,0
DA:46,0
DA:48,0
DA:51,0
DA:54,0
DA:55,0
DA:56,0
DA:57,0
DA:60,0
DA:63,0
DA:68,0
DA:70,0
DA:73,0
DA:89,0
DA:92,0
DA:104,0
DA:107,0
DA:124,0
DA:127,0
DA:139,0
DA:142,0
DA:157,0
DA:160,0
DA:174,0
DA:176,0
DA:178,0
DA:183,0
DA:185,0
DA:187,0
DA:189,0
DA:192,0
DA:201,0
DA:204,0
DA:219,0
DA:222,0
DA:236,0
DA:239,0
DA:241,0
DA:243,0
DA:247,0
DA:251,0
DA:255,0
DA:258,0
DA:260,0
DA:265,0
DA:267,0
DA:268,0
DA:269,0
DA:271,0
LF:65
LH:0
end_of_record
SF:lib/data/repositories/user_progress_repository.dart
DA:21,0
DA:23,0
DA:26,0
DA:29,0
DA:32,0
DA:34,0
DA:37,0
DA:40,0
DA:45,0
DA:48,0
DA:51,0
DA:54,0
DA:55,0
DA:56,0
DA:57,0
DA:60,0
DA:61,0
DA:64,0
DA:65,0
DA:66,0
DA:67,0
DA:69,0
DA:70,0
DA:73,0
DA:75,0
DA:76,0
DA:77,0
DA:82,0
DA:84,0
DA:86,0
DA:88,0
DA:90,0
DA:95,0
DA:98,0
DA:101,0
DA:104,0
DA:108,0
DA:109,0
DA:111,0
DA:116,0
DA:117,0
DA:119,0
DA:125,0
DA:128,0
DA:130,0
DA:132,0
DA:134,0
DA:138,0
DA:140,0
DA:141,0
DA:142,0
DA:143,0
DA:146,0
DA:148,0
DA:150,0
DA:154,0
DA:156,0
DA:157,0
DA:158,0
DA:162,0
DA:164,0
DA:170,0
DA:173,0
DA:175,0
DA:177,0
DA:182,0
DA:185,0
DA:187,0
DA:190,0
DA:195,0
DA:198,0
DA:201,0
DA:203,0
DA:206,0
DA:209,0
DA:210,0
DA:213,0
DA:215,0
DA:217,0
DA:218,0
DA:221,0
DA:224,0
DA:227,0
DA:230,0
DA:233,0
DA:239,0
DA:240,0
DA:241,0
DA:242,0
DA:243,0
DA:245,0
DA:246,0
DA:247,0
DA:249,0
DA:251,0
DA:253,0
DA:257,0
DA:259,0
DA:261,0
DA:262,0
DA:263,0
DA:264,0
DA:265,0
DA:266,0
DA:267,0
DA:268,0
DA:270,0
DA:274,0
DA:275,0
DA:276,0
DA:277,0
DA:278,0
DA:279,0
DA:280,0
DA:281,0
DA:282,0
DA:283,0
DA:286,0
DA:290,0
DA:292,0
DA:294,0
DA:295,0
DA:296,0
DA:297,0
DA:298,0
DA:299,0
DA:300,0
DA:305,0
DA:306,0
DA:307,0
DA:308,0
DA:309,0
DA:310,0
DA:311,0
DA:312,0
DA:313,0
LF:136
LH:0
end_of_record
SF:lib/data/repositories/workout_repository.dart
DA:21,0
DA:23,0
DA:24,0
DA:25,0
DA:26,0
DA:27,0
DA:32,0
DA:34,0
DA:35,0
DA:38,0
DA:40,0
DA:41,0
DA:44,0
DA:46,0
DA:47,0
DA:50,0
DA:52,0
DA:53,0
DA:54,0
DA:59,0
DA:61,0
DA:62,0
DA:65,0
DA:67,0
DA:68,0
DA:69,0
DA:74,0
DA:76,0
DA:78,0
DA:80,0
DA:82,0
DA:87,0
DA:88,0
DA:90,0
DA:91,0
DA:92,0
DA:93,0
DA:94,0
DA:95,0
DA:96,0
DA:97,0
DA:104,0
DA:107,0
DA:109,0
DA:111,0
DA:113,0
DA:115,0
DA:117,0
DA:121,0
DA:124,0
DA:128,0
DA:129,0
DA:131,0
DA:132,0
DA:133,0
DA:134,0
DA:135,0
DA:136,0
DA:137,0
DA:138,0
DA:146,0
DA:148,0
DA:150,0
DA:152,0
DA:155,0
DA:159,0
DA:162,0
DA:167,0
DA:169,0
DA:170,0
DA:172,0
DA:174,0
DA:178,0
DA:179,0
DA:180,0
DA:181,0
DA:182,0
DA:183,0
DA:184,0
DA:185,0
DA:186,0
DA:187,0
DA:188,0
DA:189,0
DA:191,0
DA:192,0
DA:193,0
DA:197,0
DA:199,0
DA:200,0
DA:203,0
DA:207,0
DA:208,0
DA:210,0
DA:211,0
DA:212,0
DA:213,0
DA:215,0
DA:217,0
DA:218,0
DA:219,0
DA:220,0
DA:221,0
DA:222,0
DA:224,0
DA:225,0
DA:228,0
DA:229,0
DA:230,0
DA:231,0
DA:232,0
DA:235,0
DA:236,0
DA:238,0
DA:239,0
LF:115
LH:0
end_of_record
SF:lib/data/repositories/workout_template_repository.dart
DA:27,0
DA:29,0
DA:30,0
DA:31,0
DA:34,0
DA:36,0
DA:37,0
DA:40,0
DA:42,0
DA:43,0
DA:46,0
DA:49,0
DA:50,0
DA:53,0
DA:55,0
DA:58,0
DA:61,0
DA:62,0
DA:65,0
DA:67,0
DA:70,0
DA:73,0
DA:74,0
DA:76,0
DA:77,0
DA:78,0
DA:80,0
DA:83,0
DA:86,0
DA:87,0
DA:89,0
DA:90,0
DA:91,0
DA:93,0
DA:96,0
DA:98,0
DA:99,0
DA:101,0
DA:104,0
DA:107,0
DA:109,0
DA:110,0
DA:112,0
DA:114,0
DA:118,0
DA:120,0
DA:121,0
DA:124,0
DA:128,0
DA:130,0
DA:131,0
DA:133,0
DA:134,0
DA:135,0
DA:137,0
DA:138,0
DA:139,0
DA:140,0
DA:143,0
DA:148,0
DA:149,0
DA:150,0
DA:151,0
DA:152,0
DA:153,0
DA:154,0
DA:155,0
DA:156,0
DA:157,0
DA:158,0
DA:159,0
DA:161,0
DA:162,0
DA:163,0
DA:164,0
DA:166,0
DA:167,0
DA:169,0
DA:170,0
DA:171,0
DA:173,0
DA:177,0
DA:178,0
DA:179,0
DA:180,0
DA:181,0
DA:182,0
DA:183,0
DA:184,0
DA:186,0
DA:187,0
DA:188,0
DA:189,0
DA:190,0
DA:191,0
DA:193,0
DA:194,0
DA:196,0
DA:197,0
DA:198,0
DA:200,0
DA:201,0
DA:203,0
DA:204,0
DA:205,0
DA:207,0
DA:208,0
DA:209,0
DA:211,0
DA:214,0
DA:216,0
DA:217,0
DA:219,0
DA:220,0
DA:221,0
DA:222,0
DA:223,0
DA:225,0
DA:226,0
DA:227,0
DA:229,0
DA:232,0
DA:234,0
DA:235,0
DA:237,0
DA:238,0
DA:239,0
DA:241,0
DA:242,0
DA:243,0
DA:245,0
DA:246,0
DA:247,0
DA:249,0
DA:250,0
DA:253,0
DA:256,0
LF:137
LH:0
end_of_record
SF:lib/screens/workout_history_screen.dart
DA:9,2
DA:14,1
DA:15,1
DA:25,1
DA:27,1
DA:28,1
DA:31,1
DA:32,2
DA:33,1
DA:34,1
DA:38,3
DA:39,2
DA:40,1
DA:41,1
DA:44,0
DA:45,0
DA:46,0
DA:51,1
DA:52,1
DA:55,2
DA:57,0
DA:58,0
DA:62,1
DA:63,1
DA:65,1
DA:67,0
DA:69,0
DA:71,0
DA:72,0
DA:79,1
DA:81,1
DA:82,1
DA:84,1
DA:85,1
DA:87,1
DA:91,1
DA:95,1
DA:96,1
DA:100,1
DA:101,0
DA:102,0
DA:104,0
DA:105,0
DA:107,0
DA:110,0
DA:111,0
DA:112,0
DA:115,0
DA:116,0
DA:124,1
DA:126,1
DA:127,1
DA:128,1
DA:130,1
DA:137,1
DA:139,4
DA:142,1
DA:144,4
DA:151,1
DA:152,1
DA:153,1
DA:154,1
DA:155,1
DA:157,1
DA:158,2
DA:159,1
DA:161,1
DA:162,1
DA:163,4
DA:165,1
DA:166,2
DA:168,1
DA:169,5
DA:174,0
DA:183,0
DA:184,0
DA:185,0
DA:186,0
DA:188,0
DA:190,0
DA:192,0
DA:193,0
DA:194,0
DA:197,0
DA:198,0
DA:199,0
DA:201,0
DA:203,0
DA:204,0
DA:206,0
DA:207,0
DA:209,0
DA:215,0
DA:216,0
DA:217,0
DA:218,0
DA:220,0
DA:222,0
DA:223,0
DA:225,0
DA:226,0
DA:228,0
LF:102
LH:54
end_of_record
SF:lib/screens/workout_templates_screen.dart
DA:13,2
DA:20,1
DA:21,1
DA:29,1
DA:31,1
DA:32,1
DA:35,1
DA:36,2
DA:37,1
DA:38,1
DA:42,3
DA:43,2
DA:44,1
DA:45,1
DA:48,0
DA:49,0
DA:50,0
DA:55,1
DA:57,1
DA:58,1
DA:60,1
DA:61,1
DA:63,1
DA:64,1
DA:66,1
DA:67,2
DA:68,2
DA:71,2
DA:72,1
DA:73,1
DA:80,1
DA:84,1
DA:85,1
DA:89,1
DA:90,0
DA:91,0
DA:93,0
DA:94,0
DA:96,0
DA:99,0
DA:100,0
DA:101,0
DA:104,0
DA:105,0
DA:113,2
DA:114,1
DA:115,1
DA:117,1
DA:118,1
DA:120,4
DA:123,1
DA:125,4
DA:128,1
DA:129,0
DA:130,0
DA:131,0
DA:132,0
DA:133,0
DA:134,0
DA:137,0
DA:138,0
DA:139,0
DA:150,1
DA:151,1
DA:152,1
DA:153,2
DA:154,1
DA:155,2
DA:156,1
DA:158,1
DA:159,1
DA:161,1
DA:162,2
DA:163,2
DA:164,1
DA:165,2
DA:166,2
DA:171,1
DA:172,1
DA:174,2
DA:176,1
DA:177,2
DA:179,1
DA:180,1
DA:181,0
DA:184,1
DA:185,2
DA:192,1
DA:194,4
DA:195,1
DA:197,0
DA:198,0
DA:199,0
DA:200,0
DA:219,1
DA:225,1
DA:227,1
DA:229,1
DA:230,1
DA:231,1
DA:233,1
DA:235,1
DA:236,1
DA:237,1
DA:238,1
DA:239,1
DA:240,2
DA:241,3
DA:244,1
DA:246,1
DA:251,1
DA:252,2
DA:253,3
DA:256,1
DA:258,1
DA:259,1
DA:261,5
DA:264,1
DA:266,5
DA:269,1
DA:271,3
DA:276,3
DA:278,0
DA:279,0
DA:280,0
DA:290,1
DA:291,1
DA:292,1
DA:293,1
LF:129
LH:99
end_of_record
SF:lib/services/workout_generator.dart
DA:9,1
DA:15,1
DA:24,1
DA:31,1
DA:39,1
DA:46,1
DA:47,1
DA:54,1
DA:55,3
DA:61,1
DA:63,1
DA:64,1
DA:65,1
DA:69,1
DA:74,3
DA:77,4
DA:83,1
DA:84,3
DA:89,2
DA:94,1
DA:97,1
DA:104,1
DA:108,1
DA:111,1
DA:114,1
DA:115,1
DA:117,4
DA:118,2
DA:123,1
DA:124,0
DA:126,0
DA:127,0
DA:128,0
DA:129,0
DA:134,1
DA:135,0
DA:137,0
DA:138,0
DA:140,0
DA:142,0
DA:143,0
DA:148,2
DA:149,2
DA:151,3
DA:152,1
DA:155,1
DA:156,0
DA:158,0
DA:159,0
DA:160,0
DA:161,0
DA:165,1
DA:166,1
DA:167,1
DA:172,0
DA:174,0
DA:175,0
DA:176,0
DA:177,0
DA:183,1
DA:192,1
DA:194,1
DA:195,2
DA:196,0
DA:198,0
DA:200,0
DA:201,0
DA:202,0
DA:204,0
DA:206,0
DA:208,0
DA:210,0
DA:212,0
DA:217,1
DA:220,1
DA:221,2
DA:222,2
DA:223,4
DA:229,1
DA:235,1
DA:236,2
DA:237,2
DA:238,1
DA:239,2
DA:244,1
DA:245,5
DA:246,1
DA:247,1
DA:250,1
DA:251,3
DA:252,1
DA:255,1
DA:256,1
DA:257,0
DA:260,0
DA:261,0
DA:262,0
DA:266,0
DA:268,0
DA:271,0
DA:272,0
DA:279,1
DA:284,2
DA:286,1
DA:290,1
DA:293,1
DA:296,1
DA:298,1
DA:299,1
DA:305,1
DA:308,1
DA:310,2
DA:312,1
DA:314,1
DA:316,0
DA:319,2
DA:321,0
DA:323,0
DA:325,0
DA:331,1
DA:333,1
DA:335,0
DA:341,1
DA:347,1
DA:349,1
DA:352,1
DA:354,1
DA:356,0
DA:359,0
DA:362,0
DA:364,0
DA:366,0
DA:373,1
DA:375,2
DA:376,2
DA:377,2
DA:385,1
DA:387,1
DA:388,0
DA:390,0
DA:395,1
DA:396,3
DA:397,3
DA:401,1
DA:402,1
DA:403,0
DA:408,1
DA:409,0
DA:410,0
DA:411,0
DA:412,0
DA:413,0
DA:414,0
DA:415,0
DA:416,0
DA:417,0
DA:420,1
DA:423,1
DA:428,1
DA:429,1
DA:430,1
DA:438,1
DA:441,1
DA:443,1
DA:444,0
DA:445,0
DA:446,0
DA:447,0
DA:448,0
DA:449,0
DA:450,0
DA:451,0
DA:452,0
DA:456,1
DA:458,1
DA:459,1
DA:460,0
DA:464,1
DA:465,1
DA:467,2
DA:468,1
DA:469,1
DA:470,1
DA:471,1
DA:473,2
DA:474,1
DA:475,0
DA:476,0
DA:478,1
DA:483,4
DA:485,1
DA:486,1
DA:488,1
DA:491,1
DA:497,1
DA:499,0
DA:501,0
DA:503,0
DA:505,0
DA:507,0
DA:510,0
DA:511,0
DA:512,0
DA:513,0
DA:514,0
DA:515,0
DA:517,0
DA:519,0
DA:521,0
DA:524,0
DA:525,0
DA:526,0
DA:528,0
DA:530,0
DA:534,1
DA:536,1
DA:538,0
DA:540,0
DA:542,0
DA:544,0
DA:546,0
DA:548,0
DA:550,0
DA:552,0
DA:554,0
DA:559,1
DA:561,1
DA:562,1
DA:566,0
DA:567,0
DA:571,0
DA:572,0
DA:577,0
DA:578,0
DA:582,0
DA:583,0
DA:587,0
DA:588,0
DA:592,0
DA:593,0
DA:598,0
DA:599,0
DA:603,0
DA:604,0
DA:609,0
DA:610,0
LF:246
LH:127
end_of_record
SF:lib/screens/onboarding_screen.dart
DA:10,0
DA:17,0
DA:18,0
DA:29,0
DA:31,0
DA:32,0
DA:33,0
DA:34,0
DA:36,0
DA:37,0
DA:38,0
DA:39,0
DA:40,0
DA:43,0
DA:44,0
DA:45,0
DA:46,0
DA:47,0
DA:48,0
DA:51,0
DA:52,0
DA:53,0
DA:54,0
DA:64,0
DA:65,0
DA:67,0
DA:69,0
DA:76,0
DA:78,0
DA:84,0
DA:86,0
DA:90,0
DA:91,0
DA:92,0
DA:97,0
DA:107,0
DA:108,0
DA:110,0
DA:111,0
DA:113,0
DA:115,0
DA:121,0
DA:123,0
DA:127,0
DA:128,0
DA:129,0
DA:130,0
DA:137,0
DA:144,0
DA:151,0
DA:160,0
DA:162,0
DA:163,0
DA:164,0
DA:165,0
DA:172,0
DA:173,0
DA:174,0
DA:175,0
DA:190,0
DA:196,0
DA:198,0
DA:200,0
DA:201,0
DA:202,0
DA:203,0
DA:205,0
DA:209,0
DA:211,0
DA:213,0
DA:214,0
DA:215,0
DA:222,0
DA:223,0
DA:224,0
DA:226,0
DA:228,0
DA:229,0
DA:231,0
DA:233,0
DA:239,0
DA:241,0
DA:245,0
DA:246,0
DA:247,0
DA:248,0
DA:249,0
DA:250,0
DA:251,0
DA:253,0
DA:255,0
DA:256,0
DA:257,0
DA:258,0
DA:259,0
DA:263,0
DA:264,0
DA:271,0
DA:273,0
DA:274,0
DA:276,0
DA:277,0
DA:278,0
DA:279,0
DA:280,0
DA:286,0
DA:287,0
DA:288,0
DA:298,0
DA:299,0
DA:301,0
DA:303,0
DA:313,0
DA:314,0
DA:315,0
DA:316,0
DA:317,0
DA:325,0
DA:326,0
DA:330,0
DA:331,0
DA:332,0
DA:338,0
DA:347,0
DA:348,0
DA:349,0
DA:354,0
DA:355,0
DA:359,0
DA:361,0
DA:363,0
DA:364,0
DA:366,0
DA:370,0
DA:371,0
DA:372,0
DA:373,0
DA:380,0
DA:382,0
DA:383,0
DA:384,0
DA:385,0
DA:391,0
DA:392,0
DA:393,0
DA:399,0
DA:401,0
DA:402,0
LF:148
LH:0
end_of_record
SF:lib/screens/workout_detail_screen.dart
DA:10,1
DA:16,1
DA:17,1
DA:25,1
DA:27,1
DA:28,1
DA:31,1
DA:32,2
DA:33,1
DA:34,1
DA:39,5
DA:40,2
DA:41,1
DA:42,1
DA:45,0
DA:46,0
DA:47,0
DA:52,1
DA:53,1
DA:55,1
DA:56,1
DA:57,1
DA:58,2
DA:59,2
DA:60,2
DA:66,0
DA:67,0
DA:69,0
DA:70,0
DA:71,0
DA:74,0
DA:75,0
DA:76,0
DA:79,0
DA:80,0
DA:87,0
DA:89,0
DA:90,0
DA:91,0
DA:94,0
DA:95,0
DA:96,0
DA:97,0
DA:105,1
DA:107,1
DA:108,1
DA:110,1
DA:111,1
DA:113,1
DA:117,1
DA:118,1
DA:119,1
DA:120,1
DA:128,1
DA:129,1
DA:133,1
DA:134,0
DA:135,0
DA:137,0
DA:138,0
DA:140,0
DA:143,0
DA:144,0
DA:145,0
DA:148,0
DA:149,0
DA:157,1
DA:163,1
DA:165,1
DA:167,1
DA:168,1
DA:169,2
DA:170,4
DA:173,1
DA:174,2
DA:175,4
DA:178,1
DA:180,5
DA:183,1
DA:185,5
DA:188,2
DA:189,0
DA:191,0
DA:194,2
DA:195,0
DA:197,0
DA:200,1
DA:201,1
DA:203,4
DA:205,1
DA:206,1
DA:209,3
DA:210,1
DA:211,3
DA:212,1
DA:214,1
DA:215,3
DA:216,1
DA:218,1
DA:219,5
DA:220,1
DA:221,0
DA:222,1
DA:223,0
DA:224,1
DA:225,0
DA:232,2
DA:234,0
DA:236,0
DA:239,0
DA:240,0
DA:241,0
DA:244,1
DA:250,1
DA:251,1
DA:253,1
DA:254,1
DA:255,1
DA:257,1
DA:258,1
DA:260,1
DA:261,1
DA:263,4
DA:266,1
DA:268,4
LF:125
LH:82
end_of_record
SF:lib/screens/workout_execution_screen.dart
DA:11,1
DA:17,1
DA:18,1
DA:36,1
DA:38,1
DA:39,2
DA:40,1
DA:41,1
DA:44,1
DA:46,2
DA:49,0
DA:50,0
DA:51,0
DA:61,1
DA:63,2
DA:64,2
DA:65,1
DA:68,1
DA:69,2
DA:70,1
DA:71,1
DA:76,5
DA:77,2
DA:78,1
DA:79,1
DA:81,1
DA:82,2
DA:84,0
DA:85,0
DA:86,0
DA:91,1
DA:92,2
DA:93,0
DA:95,0
DA:96,0
DA:97,0
DA:98,0
DA:99,0
DA:100,0
DA:101,0
DA:102,0
DA:103,0
DA:104,0
DA:105,0
DA:106,0
DA:107,0
DA:110,0
DA:112,0
DA:113,0
DA:114,0
DA:115,0
DA:118,0
DA:119,0
DA:120,0
DA:130,0
DA:131,0
DA:132,0
DA:136,0
DA:137,0
DA:138,0
DA:139,0
DA:143,0
DA:144,0
DA:145,0
DA:146,0
DA:150,0
DA:151,0
DA:153,0
DA:155,0
DA:156,0
DA:157,0
DA:158,0
DA:159,0
DA:161,0
DA:162,0
DA:163,0
DA:164,0
DA:165,0
DA:166,0
DA:167,0
DA:168,0
DA:170,0
DA:172,0
DA:175,0
DA:176,0
DA:181,0
DA:182,0
DA:183,0
DA:185,0
DA:186,0
DA:187,0
DA:190,0
DA:191,0
DA:192,0
DA:193,0
DA:200,1
DA:201,1
DA:202,1
DA:203,5
DA:206,1
DA:208,1
DA:209,1
DA:211,1
DA:212,1
DA:213,2
DA:214,1
DA:216,1
DA:217,2
DA:218,1
DA:222,1
DA:226,1
DA:227,1
DA:231,1
DA:232,0
DA:233,0
DA:235,0
DA:236,0
DA:238,0
DA:241,0
DA:242,0
DA:243,0
DA:246,0
DA:247,0
DA:255,1
DA:261,1
DA:262,1
DA:263,1
DA:264,1
DA:265,1
DA:266,1
DA:272,1
DA:273,1
DA:275,3
DA:276,1
DA:278,1
DA:279,1
DA:280,2
DA:281,5
DA:285,2
DA:286,0
DA:287,0
DA:288,0
DA:297,0
DA:298,0
DA:301,0
DA:303,0
DA:306,0
DA:307,0
DA:308,0
DA:317,1
DA:319,1
DA:320,3
DA:321,5
DA:327,4
DA:328,3
DA:329,2
DA:331,1
DA:332,1
DA:333,1
DA:334,1
DA:335,3
DA:336,1
DA:337,3
DA:338,2
DA:339,2
DA:341,1
DA:344,3
DA:346,1
DA:347,1
DA:348,2
DA:349,1
DA:353,1
DA:355,1
DA:356,2
DA:357,1
DA:358,2
DA:360,1
DA:361,0
DA:362,1
DA:363,0
DA:364,1
DA:365,0
DA:369,1
DA:371,1
DA:379,1
DA:380,1
DA:382,1
DA:383,1
DA:384,1
DA:386,4
DA:389,1
DA:390,1
DA:391,4
DA:394,1
DA:395,1
LF:195
LH:103
end_of_record
SF:lib/services/audio_cue_service.dart
DA:15,1
DA:17,3
DA:18,0
DA:21,0
DA:22,0
DA:23,0
DA:27,0
DA:28,0
DA:31,0
DA:32,0
DA:34,1
DA:35,2
DA:38,0
DA:41,0
DA:45,0
DA:46,0
DA:49,1
DA:50,1
DA:53,0
DA:54,0
DA:57,0
DA:58,0
DA:61,1
DA:62,1
DA:65,0
DA:66,0
DA:69,0
DA:70,0
DA:73,0
DA:74,0
DA:77,0
DA:78,0
DA:81,0
DA:82,0
DA:85,0
DA:87,0
DA:90,0
DA:91,0
DA:92,0
DA:93,0
DA:94,0
DA:97,0
DA:98,0
DA:99,0
DA:100,0
DA:101,0
DA:104,0
DA:105,0
DA:106,0
DA:109,0
DA:110,0
DA:111,0
DA:114,0
DA:116,0
DA:117,0
DA:118,0
DA:122,0
DA:123,0
DA:124,0
DA:125,0
DA:126,0
DA:128,0
DA:129,0
DA:130,0
DA:139,1
DA:141,2
DA:143,0
LF:67
LH:10
end_of_record
SF:lib/screens/workout_template_detail_screen.dart
DA:15,1
DA:23,1
DA:25,1
DA:34,1
DA:36,1
DA:37,1
DA:40,1
DA:41,2
DA:42,1
DA:43,1
DA:48,5
DA:49,2
DA:50,1
DA:51,1
DA:54,0
DA:55,0
DA:56,0
DA:61,1
DA:62,1
DA:64,2
DA:65,1
DA:66,1
DA:71,3
DA:72,2
DA:77,2
DA:78,3
DA:81,1
DA:83,4
DA:86,3
DA:87,1
DA:91,1
DA:93,0
DA:102,2
DA:105,0
DA:106,0
DA:107,0
DA:112,0
DA:113,0
DA:115,0
DA:116,0
DA:117,0
DA:118,0
DA:119,0
DA:120,0
DA:125,0
DA:126,0
DA:130,1
DA:131,2
DA:132,2
DA:133,3
DA:138,1
DA:140,1
DA:141,1
DA:143,1
DA:144,1
DA:146,1
DA:150,1
DA:154,1
DA:155,1
DA:159,1
DA:160,0
DA:161,0
DA:163,0
DA:164,0
DA:166,0
DA:169,0
DA:170,0
DA:171,0
DA:174,0
DA:175,0
DA:183,1
DA:189,1
DA:191,1
DA:193,1
DA:194,1
DA:195,2
DA:196,4
DA:199,1
DA:200,2
DA:201,4
DA:204,1
DA:206,5
DA:209,1
DA:211,5
DA:214,1
DA:216,3
DA:219,2
DA:220,0
DA:221,0
DA:223,0
DA:224,0
DA:225,0
DA:228,2
DA:229,0
DA:230,0
DA:232,0
DA:233,0
DA:234,0
DA:237,2
DA:238,0
DA:240,0
DA:245,3
DA:246,0
DA:248,0
DA:251,1
DA:252,1
DA:254,1
DA:255,1
DA:264,1
DA:265,1
DA:267,1
DA:268,1
DA:269,1
DA:271,1
DA:272,1
DA:274,1
DA:275,1
DA:277,4
DA:280,1
DA:282,4
LF:120
LH:79
end_of_record
SF:lib/screens/workout_template_form_screen.dart
DA:11,1
DA:17,1
DA:19,1
DA:35,1
DA:37,1
DA:38,4
DA:39,1
DA:40,3
DA:41,3
DA:42,3
DA:43,3
DA:44,3
DA:45,3
DA:46,3
DA:49,1
DA:51,2
DA:52,2
DA:53,1
DA:56,1
DA:57,3
DA:59,2
DA:60,1
DA:61,1
DA:65,2
DA:66,3
DA:67,2
DA:68,2
DA:69,1
DA:70,1
DA:71,1
DA:72,1
DA:73,1
DA:74,1
DA:77,0
DA:78,0
DA:79,0
DA:80,0
DA:81,0
DA:82,0
DA:83,0
DA:84,0
DA:85,0
DA:87,0
DA:90,1
DA:91,2
DA:94,0
DA:95,0
DA:96,0
DA:101,1
DA:103,1
DA:104,1
DA:106,3
DA:107,1
DA:108,1
DA:109,1
DA:120,1
DA:122,1
DA:126,1
DA:127,0
DA:128,0
DA:130,0
DA:131,0
DA:133,0
DA:136,0
DA:137,0
DA:138,0
DA:141,0
DA:142,0
DA:143,0
DA:144,0
DA:145,0
DA:153,1
DA:154,1
DA:155,1
DA:157,1
DA:158,1
DA:159,1
DA:164,1
DA:165,1
DA:172,1
DA:173,1
DA:179,1
DA:180,1
DA:187,1
DA:188,1
DA:192,2
DA:193,1
DA:195,4
DA:197,1
DA:198,0
DA:200,0
DA:201,0
DA:207,1
DA:208,1
DA:212,2
DA:213,1
DA:215,4
DA:217,1
DA:218,0
DA:220,0
DA:221,0
DA:227,1
DA:228,2
DA:234,1
DA:235,1
DA:238,1
DA:239,1
DA:244,0
DA:245,0
DA:247,0
DA:248,0
LF:111
LH:75
end_of_record
SF:lib/presentation/widgets/movement_card.dart
DA:8,2
DA:14,2
DA:16,2
DA:18,2
DA:19,2
DA:20,2
DA:22,2
DA:25,2
DA:26,2
DA:27,2
DA:28,2
DA:29,2
DA:30,4
DA:31,6
DA:34,4
DA:35,2
DA:44,2
DA:45,4
DA:46,6
DA:51,2
DA:53,2
DA:55,6
DA:56,2
DA:57,6
DA:58,2
DA:60,2
DA:61,2
DA:62,6
DA:65,2
DA:73,2
DA:75,2
DA:77,6
DA:78,2
DA:79,6
DA:80,2
DA:82,2
DA:83,2
DA:84,6
DA:87,2
LF:39
LH:39
end_of_record
SF:lib/presentation/blocs/movement/movement_bloc.dart
DA:9,0
DA:10,0
DA:11,0
DA:12,0
DA:13,0
DA:14,0
DA:15,0
DA:16,0
DA:19,0
DA:24,0
DA:25,0
DA:26,0
DA:28,0
DA:32,0
DA:37,0
DA:39,0
DA:40,0
DA:42,0
DA:45,0
DA:49,0
DA:54,0
DA:55,0
DA:57,0
DA:58,0
DA:59,0
DA:61,0
DA:62,0
DA:68,0
DA:71,0
DA:75,0
DA:80,0
DA:81,0
DA:82,0
DA:83,0
DA:85,0
DA:89,0
DA:94,0
DA:95,0
DA:96,0
DA:97,0
DA:99,0
DA:103,0
DA:108,0
DA:109,0
DA:110,0
DA:111,0
DA:113,0
DA:117,0
DA:122,0
DA:123,0
DA:124,0
DA:125,0
DA:126,0
DA:127,0
DA:128,0
DA:129,0
DA:131,0
DA:132,0
DA:133,0
DA:134,0
DA:136,0
DA:137,0
DA:138,0
DA:139,0
DA:141,0
DA:142,0
DA:148,0
DA:150,0
DA:152,0
DA:153,0
DA:154,0
DA:155,0
DA:159,0
LF:73
LH:0
end_of_record
SF:lib/presentation/blocs/movement/movement_event.dart
DA:5,1
DA:7,0
DA:8,0
DA:12,0
DA:18,0
DA:20,0
DA:21,0
DA:27,0
DA:29,0
DA:30,0
DA:36,0
DA:38,0
DA:39,0
DA:45,0
DA:47,0
DA:48,0
DA:54,0
DA:56,0
DA:57,0
DA:66,1
DA:73,1
DA:75,5
LF:22
LH:4
end_of_record
SF:lib/presentation/blocs/movement/movement_state.dart
DA:5,2
DA:7,0
DA:8,0
DA:12,1
DA:16,1
DA:27,1
DA:36,0
DA:44,0
DA:45,0
DA:46,0
DA:47,0
DA:48,0
DA:50,0
DA:51,0
DA:55,0
DA:56,0
DA:57,0
DA:58,0
DA:59,0
DA:60,0
DA:61,0
DA:62,0
DA:69,1
DA:71,0
DA:72,0
LF:25
LH:5
end_of_record
SF:lib/presentation/widgets/movement_filter.dart
DA:9,1
DA:11,1
DA:12,1
DA:20,1
DA:22,1
DA:24,1
DA:27,1
DA:28,1
DA:30,3
DA:33,1
DA:35,3
DA:37,1
DA:39,2
DA:40,2
DA:41,1
DA:42,4
DA:44,1
DA:45,2
DA:47,2
DA:49,2
DA:54,1
DA:57,1
DA:59,3
DA:61,1
DA:63,2
DA:64,2
DA:65,1
DA:66,4
DA:68,1
DA:69,2
DA:71,2
DA:73,2
DA:78,1
DA:81,1
DA:83,3
DA:85,1
DA:87,1
DA:88,1
DA:90,2
DA:91,1
DA:92,2
DA:93,1
DA:97,1
DA:99,2
DA:100,0
DA:101,0
DA:102,0
DA:109,1
DA:111,1
DA:112,1
DA:113,1
DA:114,2
DA:115,2
DA:116,2
DA:117,1
DA:123,1
DA:124,1
DA:125,2
DA:126,1
DA:127,2
DA:128,1
DA:129,1
DA:130,1
DA:131,1
DA:132,1
DA:136,1
LF:66
LH:63
end_of_record
